2023-06-21T21:38:57.8692986+03:00  [INF] UrbanWatchBackgroundService is running. (10ac01aa)
2023-06-21T21:38:57.8841871+03:00  [INF] MemoryIntegrationService is initialized. (a9ab35c3)
2023-06-21T21:38:57.9808246+03:00  [INF] Start processing HTTP request "GET" https://api.tranzy.dev/v1/opendata/vehicles (338f1c77)
2023-06-21T21:38:57.9870098+03:00  [INF] Sending HTTP request "GET" https://api.tranzy.dev/v1/opendata/vehicles (2e7ac211)
2023-06-21T21:38:58.2915226+03:00  [INF] Now listening on: "https://localhost:64931" (d826f4b8)
2023-06-21T21:38:58.2962451+03:00  [INF] Now listening on: "http://localhost:64932" (d826f4b8)
2023-06-21T21:38:58.2986757+03:00  [INF] Application started. Press Ctrl+C to shut down. (dcaefe54)
2023-06-21T21:38:58.3017094+03:00  [INF] Hosting environment: "Development" (c3307c92)
2023-06-21T21:38:58.3035993+03:00  [INF] Content root path: "C:\Users\Eugeniu\source\repos\e-savca\UrbanWatchMVCWebApp\UrbanWatchMVCWebApp\" (b5d60022)
2023-06-21T21:38:58.5370528+03:00  [INF] Received HTTP response headers after 538.5492ms - 200 (f0742c1f)
2023-06-21T21:38:58.5393710+03:00  [INF] End processing HTTP request after 584.0249ms - 200 (7656b38e)
2023-06-21T21:38:58.9637385+03:00  [INF] Start processing HTTP request "GET" https://api.tranzy.dev/v1/opendata/routes (338f1c77)
2023-06-21T21:38:58.9662237+03:00  [INF] Sending HTTP request "GET" https://api.tranzy.dev/v1/opendata/routes (2e7ac211)
2023-06-21T21:38:59.4313861+03:00 0HMRIGR39EE4U:00000001 [INF] The Index action was called at 21.06.2023 21:38:59 (076586f3)
2023-06-21T21:38:59.8612360+03:00  [INF] Received HTTP response headers after 893.6152ms - 200 (f0742c1f)
2023-06-21T21:38:59.8627579+03:00  [INF] End processing HTTP request after 900.2863ms - 200 (7656b38e)
2023-06-21T21:38:59.9459648+03:00  [INF] Start processing HTTP request "GET" https://api.tranzy.dev/v1/opendata/trips (338f1c77)
2023-06-21T21:38:59.9672716+03:00  [INF] Sending HTTP request "GET" https://api.tranzy.dev/v1/opendata/trips (2e7ac211)
2023-06-21T21:39:00.1091526+03:00 0HMRIGR39EE4U:00000001 [ERR] An unhandled exception has occurred while executing the request. (48a46595)
System.ArgumentNullException: Value cannot be null. (Parameter 'source')
   at System.Linq.ThrowHelper.ThrowArgumentNullException(ExceptionArgument argument)
   at System.Linq.OrderedEnumerable`2..ctor(IEnumerable`1 source, Func`2 keySelector, IComparer`1 comparer, Boolean descending, OrderedEnumerable`1 parent)
   at System.Linq.Enumerable.OrderBy[TSource,TKey](IEnumerable`1 source, Func`2 keySelector)
   at UrbanWatchMVCWebApp.Services.Repository.GetRoutesAsync() in C:\Users\Eugeniu\source\repos\e-savca\UrbanWatchMVCWebApp\UrbanWatchMVCWebApp\Services\Repository.cs:line 32
   at AspNetCoreGeneratedDocument.Views_Home__FormPartialView.<ExecuteAsync>b__19_0() in C:\Users\Eugeniu\source\repos\e-savca\UrbanWatchMVCWebApp\UrbanWatchMVCWebApp\Views\Home\_FormPartialView.cshtml:line 14
   at Microsoft.AspNetCore.Razor.Runtime.TagHelpers.TagHelperExecutionContext.GetChildContentAsync(Boolean useCachedResult, HtmlEncoder encoder)
   at Microsoft.AspNetCore.Mvc.TagHelpers.RenderAtEndOfFormTagHelper.ProcessAsync(TagHelperContext context, TagHelperOutput output)
   at Microsoft.AspNetCore.Razor.Runtime.TagHelpers.TagHelperRunner.<RunAsync>g__Awaited|0_0(Task task, TagHelperExecutionContext executionContext, Int32 i, Int32 count)
   at AspNetCoreGeneratedDocument.Views_Home__FormPartialView.ExecuteAsync()
   at Microsoft.AspNetCore.Mvc.Razor.RazorView.RenderPageCoreAsync(IRazorPage page, ViewContext context)
   at Microsoft.AspNetCore.Mvc.Razor.RazorView.RenderPageAsync(IRazorPage page, ViewContext context, Boolean invokeViewStarts)
   at Microsoft.AspNetCore.Mvc.Razor.RazorView.RenderAsync(ViewContext context)
   at Microsoft.AspNetCore.Mvc.ViewFeatures.HtmlHelper.RenderPartialCoreAsync(String partialViewName, Object model, ViewDataDictionary viewData, TextWriter writer)
   at Microsoft.AspNetCore.Mvc.ViewFeatures.HtmlHelper.PartialAsync(String partialViewName, Object model, ViewDataDictionary viewData)
   at AspNetCoreGeneratedDocument.Views_Home_Index.ExecuteAsync() in C:\Users\Eugeniu\source\repos\e-savca\UrbanWatchMVCWebApp\UrbanWatchMVCWebApp\Views\Home\Index.cshtml:line 13
   at Microsoft.AspNetCore.Mvc.Razor.RazorView.RenderPageCoreAsync(IRazorPage page, ViewContext context)
   at Microsoft.AspNetCore.Mvc.Razor.RazorView.RenderPageAsync(IRazorPage page, ViewContext context, Boolean invokeViewStarts)
   at Microsoft.AspNetCore.Mvc.Razor.RazorView.RenderAsync(ViewContext context)
   at Microsoft.AspNetCore.Mvc.ViewFeatures.ViewExecutor.ExecuteAsync(ViewContext viewContext, String contentType, Nullable`1 statusCode)
   at Microsoft.AspNetCore.Mvc.ViewFeatures.ViewExecutor.ExecuteAsync(ViewContext viewContext, String contentType, Nullable`1 statusCode)
   at Microsoft.AspNetCore.Mvc.ViewFeatures.ViewExecutor.ExecuteAsync(ActionContext actionContext, IView view, ViewDataDictionary viewData, ITempDataDictionary tempData, String contentType, Nullable`1 statusCode)
   at Microsoft.AspNetCore.Mvc.ViewFeatures.ViewResultExecutor.ExecuteAsync(ActionContext context, ViewResult result)
   at Microsoft.AspNetCore.Mvc.ViewResult.ExecuteResultAsync(ActionContext context)
   at Microsoft.AspNetCore.Mvc.Infrastructure.ResourceInvoker.<InvokeNextResultFilterAsync>g__Awaited|30_0[TFilter,TFilterAsync](ResourceInvoker invoker, Task lastTask, State next, Scope scope, Object state, Boolean isCompleted)
   at Microsoft.AspNetCore.Mvc.Infrastructure.ResourceInvoker.Rethrow(ResultExecutedContextSealed context)
   at Microsoft.AspNetCore.Mvc.Infrastructure.ResourceInvoker.ResultNext[TFilter,TFilterAsync](State& next, Scope& scope, Object& state, Boolean& isCompleted)
   at Microsoft.AspNetCore.Mvc.Infrastructure.ResourceInvoker.InvokeResultFilters()
--- End of stack trace from previous location ---
   at Microsoft.AspNetCore.Mvc.Infrastructure.ResourceInvoker.<InvokeNextResourceFilter>g__Awaited|25_0(ResourceInvoker invoker, Task lastTask, State next, Scope scope, Object state, Boolean isCompleted)
   at Microsoft.AspNetCore.Mvc.Infrastructure.ResourceInvoker.Rethrow(ResourceExecutedContextSealed context)
   at Microsoft.AspNetCore.Mvc.Infrastructure.ResourceInvoker.Next(State& next, Scope& scope, Object& state, Boolean& isCompleted)
   at Microsoft.AspNetCore.Mvc.Infrastructure.ResourceInvoker.InvokeFilterPipelineAsync()
--- End of stack trace from previous location ---
   at Microsoft.AspNetCore.Mvc.Infrastructure.ResourceInvoker.<InvokeAsync>g__Awaited|17_0(ResourceInvoker invoker, Task task, IDisposable scope)
   at Microsoft.AspNetCore.Mvc.Infrastructure.ResourceInvoker.<InvokeAsync>g__Awaited|17_0(ResourceInvoker invoker, Task task, IDisposable scope)
   at Microsoft.AspNetCore.Routing.EndpointMiddleware.<Invoke>g__AwaitRequestTask|6_0(Endpoint endpoint, Task requestTask, ILogger logger)
   at Microsoft.AspNetCore.Authorization.AuthorizationMiddleware.Invoke(HttpContext context)
   at Microsoft.AspNetCore.Diagnostics.DeveloperExceptionPageMiddleware.Invoke(HttpContext context)
2023-06-21T21:39:01.0879324+03:00  [INF] Received HTTP response headers after 1114.5028ms - 200 (f0742c1f)
2023-06-21T21:39:01.0963865+03:00  [INF] End processing HTTP request after 1143.3107ms - 200 (7656b38e)
2023-06-21T21:39:01.1097916+03:00  [INF] Start processing HTTP request "GET" https://api.tranzy.dev/v1/opendata/shapes (338f1c77)
2023-06-21T21:39:01.1143483+03:00  [INF] Sending HTTP request "GET" https://api.tranzy.dev/v1/opendata/shapes (2e7ac211)
2023-06-21T21:39:02.8906024+03:00  [INF] Received HTTP response headers after 1773.0766ms - 200 (f0742c1f)
2023-06-21T21:39:02.8924636+03:00  [INF] End processing HTTP request after 1787.1742ms - 200 (7656b38e)
2023-06-21T21:39:03.3759700+03:00  [INF] Start processing HTTP request "GET" https://api.tranzy.dev/v1/opendata/stops (338f1c77)
2023-06-21T21:39:03.3774228+03:00  [INF] Sending HTTP request "GET" https://api.tranzy.dev/v1/opendata/stops (2e7ac211)
2023-06-21T21:39:03.5991071+03:00  [INF] Received HTTP response headers after 219.5812ms - 200 (f0742c1f)
2023-06-21T21:39:03.6006941+03:00  [INF] End processing HTTP request after 225.8557ms - 200 (7656b38e)
2023-06-21T21:39:03.6097201+03:00  [INF] Start processing HTTP request "GET" https://api.tranzy.dev/v1/opendata/stop_times (338f1c77)
2023-06-21T21:39:03.6110965+03:00  [INF] Sending HTTP request "GET" https://api.tranzy.dev/v1/opendata/stop_times (2e7ac211)
2023-06-21T21:39:05.0416248+03:00  [INF] Received HTTP response headers after 1428.1914ms - 200 (f0742c1f)
2023-06-21T21:39:05.0429580+03:00  [INF] End processing HTTP request after 1433.5503ms - 200 (7656b38e)
2023-06-21T21:39:13.1264154+03:00 0HMRIGR39EE4V:00000001 [INF] The Index action was called at 21.06.2023 21:39:13 (d6dd90e0)
2023-06-21T21:39:15.0596289+03:00  [INF] MemoryIntegrationService is working. Count: 1 (0646355e)
2023-06-21T21:39:15.0612530+03:00  [INF] Start processing HTTP request "GET" https://api.tranzy.dev/v1/opendata/vehicles (338f1c77)
2023-06-21T21:39:15.0628115+03:00  [INF] Sending HTTP request "GET" https://api.tranzy.dev/v1/opendata/vehicles (2e7ac211)
2023-06-21T21:39:15.1254550+03:00  [INF] Received HTTP response headers after 60.9691ms - 200 (f0742c1f)
2023-06-21T21:39:15.1271141+03:00  [INF] End processing HTTP request after 65.7767ms - 200 (7656b38e)
2023-06-21T21:39:15.1338568+03:00  [INF] Call IsDuplicateVehicle. Count: 1 21.06.2023 21:39:15 (1c15943b)
2023-06-21T21:39:21.0519634+03:00 0HMRIGR39EE50:00000001 [INF] The Index action was called at '21.06.2023 21:39:21'. routeShortName = 11. Try to get Trip getTheTrip. (ddcf9780)
2023-06-21T21:39:21.0557731+03:00 0HMRIGR39EE50:00000001 [WRN] The Index action was called at '21.06.2023 21:39:21'. Failed to retrieve trip details. (608dc760)
2023-06-21T21:39:23.2284267+03:00 0HMRIGR39EE51:00000001 [INF] The Index action was called at 21.06.2023 21:39:23 (022b6cd3)
2023-06-21T21:39:25.0762810+03:00  [INF] MemoryIntegrationService is working. Count: 2 (c0c5aa62)
2023-06-21T21:39:25.0932597+03:00  [INF] Start processing HTTP request "GET" https://api.tranzy.dev/v1/opendata/vehicles (338f1c77)
2023-06-21T21:39:25.1061672+03:00  [INF] Sending HTTP request "GET" https://api.tranzy.dev/v1/opendata/vehicles (2e7ac211)
2023-06-21T21:39:25.1796115+03:00  [INF] Received HTTP response headers after 60.5466ms - 200 (f0742c1f)
2023-06-21T21:39:25.1934273+03:00  [INF] End processing HTTP request after 103.3322ms - 200 (7656b38e)
2023-06-21T21:39:25.2109410+03:00  [INF] Call IsDuplicateVehicle. Count: 2 21.06.2023 21:39:25 (91a0525e)
2023-06-21T21:39:28.2524310+03:00 0HMRIGR39EE52:00000001 [INF] The Index action was called at '21.06.2023 21:39:28'. routeShortName = 22. Try to get Trip getTheTrip. (8fdda638)
2023-06-21T21:39:28.2659609+03:00 0HMRIGR39EE52:00000001 [INF] The Index action was called at '21.06.2023 21:39:28'. routeShortName = 22. Trip getTheTrip were retrieved successfully. (23356391)
2023-06-21T21:39:32.3125507+03:00 0HMRIGR39EE53:00000001 [INF] The Index action was called at '21.06.2023 21:39:32'. routeShortName = 5. Try to get Trip getTheTrip. (e91abda5)
2023-06-21T21:39:32.3138263+03:00 0HMRIGR39EE53:00000001 [INF] The Index action was called at '21.06.2023 21:39:32'. routeShortName = 5. Trip getTheTrip were retrieved successfully. (32dfa80b)
2023-06-21T21:39:35.0552196+03:00  [INF] MemoryIntegrationService is working. Count: 3 (b3940fff)
2023-06-21T21:39:35.0577157+03:00  [INF] Start processing HTTP request "GET" https://api.tranzy.dev/v1/opendata/vehicles (338f1c77)
2023-06-21T21:39:35.0597508+03:00  [INF] Sending HTTP request "GET" https://api.tranzy.dev/v1/opendata/vehicles (2e7ac211)
2023-06-21T21:39:35.7454203+03:00  [INF] Received HTTP response headers after 680.0368ms - 200 (f0742c1f)
2023-06-21T21:39:35.7480381+03:00  [INF] End processing HTTP request after 690.1976ms - 200 (7656b38e)
2023-06-21T21:39:35.7558855+03:00  [INF] Call IsDuplicateVehicle. Count: 3 21.06.2023 21:39:35 (847ab14f)
2023-06-21T21:39:40.4434566+03:00 0HMRIGR39EE54:00000001 [INF] The Index action was called at '21.06.2023 21:39:40'. routeShortName = 8. Try to get Trip getTheTrip. (849354d2)
2023-06-21T21:39:40.4459417+03:00 0HMRIGR39EE54:00000001 [INF] The Index action was called at '21.06.2023 21:39:40'. routeShortName = 8. Trip getTheTrip were retrieved successfully. (30c57195)
2023-06-21T21:39:42.8740396+03:00 0HMRIGR39EE55:00000001 [INF] The Index action was called at '21.06.2023 21:39:42'. routeShortName = 8. Try to get Trip getTheTrip. (cfaf066d)
2023-06-21T21:39:42.8812698+03:00 0HMRIGR39EE55:00000001 [INF] The Index action was called at '21.06.2023 21:39:42'. routeShortName = 8. Trip getTheTrip were retrieved successfully. (1054bde6)
2023-06-21T22:20:19.6996156+03:00  [INF] UrbanWatchBackgroundService is running. (10ac01aa)
2023-06-21T22:20:19.7096518+03:00  [INF] MemoryIntegrationService is initialized. (a9ab35c3)
2023-06-21T22:20:19.8052210+03:00  [INF] Start processing HTTP request "GET" https://api.tranzy.dev/v1/opendata/vehicles (338f1c77)
2023-06-21T22:20:19.8093988+03:00  [INF] Sending HTTP request "GET" https://api.tranzy.dev/v1/opendata/vehicles (2e7ac211)
2023-06-21T22:20:20.1028770+03:00  [INF] Now listening on: "https://localhost:64931" (d826f4b8)
2023-06-21T22:20:20.1044895+03:00  [INF] Now listening on: "http://localhost:64932" (d826f4b8)
2023-06-21T22:20:20.1065219+03:00  [INF] Application started. Press Ctrl+C to shut down. (dcaefe54)
2023-06-21T22:20:20.1090381+03:00  [INF] Hosting environment: "Development" (c3307c92)
2023-06-21T22:20:20.1105859+03:00  [INF] Content root path: "C:\Users\Eugeniu\source\repos\e-savca\UrbanWatchMVCWebApp\UrbanWatchMVCWebApp\" (b5d60022)
2023-06-21T22:20:20.6112481+03:00  [INF] Received HTTP response headers after 787.1026ms - 200 (f0742c1f)
2023-06-21T22:20:20.6377203+03:00  [INF] End processing HTTP request after 831.5362ms - 200 (7656b38e)
2023-06-21T22:20:20.8311176+03:00 0HMRIHI6REOB0:00000001 [INF] The Index action was called at 21.06.2023 22:20:20 (74687946)
2023-06-21T22:20:21.1141524+03:00  [INF] Start processing HTTP request "GET" https://api.tranzy.dev/v1/opendata/routes (338f1c77)
2023-06-21T22:20:21.1154561+03:00  [INF] Sending HTTP request "GET" https://api.tranzy.dev/v1/opendata/routes (2e7ac211)
2023-06-21T22:20:21.2205406+03:00 0HMRIHI6REOB0:00000001 [ERR] An unhandled exception has occurred while executing the request. (48a46595)
System.ArgumentNullException: Value cannot be null. (Parameter 'source')
   at System.Linq.ThrowHelper.ThrowArgumentNullException(ExceptionArgument argument)
   at System.Linq.OrderedEnumerable`2..ctor(IEnumerable`1 source, Func`2 keySelector, IComparer`1 comparer, Boolean descending, OrderedEnumerable`1 parent)
   at System.Linq.Enumerable.OrderBy[TSource,TKey](IEnumerable`1 source, Func`2 keySelector)
   at UrbanWatchMVCWebApp.Services.Repository.GetRoutesAsync() in C:\Users\Eugeniu\source\repos\e-savca\UrbanWatchMVCWebApp\UrbanWatchMVCWebApp\Services\Repository.cs:line 32
   at AspNetCoreGeneratedDocument.Views_Home__FormPartialView.<ExecuteAsync>b__19_0() in C:\Users\Eugeniu\source\repos\e-savca\UrbanWatchMVCWebApp\UrbanWatchMVCWebApp\Views\Home\_FormPartialView.cshtml:line 14
   at Microsoft.AspNetCore.Razor.Runtime.TagHelpers.TagHelperExecutionContext.GetChildContentAsync(Boolean useCachedResult, HtmlEncoder encoder)
   at Microsoft.AspNetCore.Mvc.TagHelpers.RenderAtEndOfFormTagHelper.ProcessAsync(TagHelperContext context, TagHelperOutput output)
   at Microsoft.AspNetCore.Razor.Runtime.TagHelpers.TagHelperRunner.<RunAsync>g__Awaited|0_0(Task task, TagHelperExecutionContext executionContext, Int32 i, Int32 count)
   at AspNetCoreGeneratedDocument.Views_Home__FormPartialView.ExecuteAsync()
   at Microsoft.AspNetCore.Mvc.Razor.RazorView.RenderPageCoreAsync(IRazorPage page, ViewContext context)
   at Microsoft.AspNetCore.Mvc.Razor.RazorView.RenderPageAsync(IRazorPage page, ViewContext context, Boolean invokeViewStarts)
   at Microsoft.AspNetCore.Mvc.Razor.RazorView.RenderAsync(ViewContext context)
   at Microsoft.AspNetCore.Mvc.ViewFeatures.HtmlHelper.RenderPartialCoreAsync(String partialViewName, Object model, ViewDataDictionary viewData, TextWriter writer)
   at Microsoft.AspNetCore.Mvc.ViewFeatures.HtmlHelper.PartialAsync(String partialViewName, Object model, ViewDataDictionary viewData)
   at AspNetCoreGeneratedDocument.Views_Home_Index.ExecuteAsync() in C:\Users\Eugeniu\source\repos\e-savca\UrbanWatchMVCWebApp\UrbanWatchMVCWebApp\Views\Home\Index.cshtml:line 13
   at Microsoft.AspNetCore.Mvc.Razor.RazorView.RenderPageCoreAsync(IRazorPage page, ViewContext context)
   at Microsoft.AspNetCore.Mvc.Razor.RazorView.RenderPageAsync(IRazorPage page, ViewContext context, Boolean invokeViewStarts)
   at Microsoft.AspNetCore.Mvc.Razor.RazorView.RenderAsync(ViewContext context)
   at Microsoft.AspNetCore.Mvc.ViewFeatures.ViewExecutor.ExecuteAsync(ViewContext viewContext, String contentType, Nullable`1 statusCode)
   at Microsoft.AspNetCore.Mvc.ViewFeatures.ViewExecutor.ExecuteAsync(ViewContext viewContext, String contentType, Nullable`1 statusCode)
   at Microsoft.AspNetCore.Mvc.ViewFeatures.ViewExecutor.ExecuteAsync(ActionContext actionContext, IView view, ViewDataDictionary viewData, ITempDataDictionary tempData, String contentType, Nullable`1 statusCode)
   at Microsoft.AspNetCore.Mvc.ViewFeatures.ViewResultExecutor.ExecuteAsync(ActionContext context, ViewResult result)
   at Microsoft.AspNetCore.Mvc.ViewResult.ExecuteResultAsync(ActionContext context)
   at Microsoft.AspNetCore.Mvc.Infrastructure.ResourceInvoker.<InvokeNextResultFilterAsync>g__Awaited|30_0[TFilter,TFilterAsync](ResourceInvoker invoker, Task lastTask, State next, Scope scope, Object state, Boolean isCompleted)
   at Microsoft.AspNetCore.Mvc.Infrastructure.ResourceInvoker.Rethrow(ResultExecutedContextSealed context)
   at Microsoft.AspNetCore.Mvc.Infrastructure.ResourceInvoker.ResultNext[TFilter,TFilterAsync](State& next, Scope& scope, Object& state, Boolean& isCompleted)
   at Microsoft.AspNetCore.Mvc.Infrastructure.ResourceInvoker.InvokeResultFilters()
--- End of stack trace from previous location ---
   at Microsoft.AspNetCore.Mvc.Infrastructure.ResourceInvoker.<InvokeNextResourceFilter>g__Awaited|25_0(ResourceInvoker invoker, Task lastTask, State next, Scope scope, Object state, Boolean isCompleted)
   at Microsoft.AspNetCore.Mvc.Infrastructure.ResourceInvoker.Rethrow(ResourceExecutedContextSealed context)
   at Microsoft.AspNetCore.Mvc.Infrastructure.ResourceInvoker.Next(State& next, Scope& scope, Object& state, Boolean& isCompleted)
   at Microsoft.AspNetCore.Mvc.Infrastructure.ResourceInvoker.InvokeFilterPipelineAsync()
--- End of stack trace from previous location ---
   at Microsoft.AspNetCore.Mvc.Infrastructure.ResourceInvoker.<InvokeAsync>g__Awaited|17_0(ResourceInvoker invoker, Task task, IDisposable scope)
   at Microsoft.AspNetCore.Mvc.Infrastructure.ResourceInvoker.<InvokeAsync>g__Awaited|17_0(ResourceInvoker invoker, Task task, IDisposable scope)
   at Microsoft.AspNetCore.Routing.EndpointMiddleware.<Invoke>g__AwaitRequestTask|6_0(Endpoint endpoint, Task requestTask, ILogger logger)
   at Microsoft.AspNetCore.Authorization.AuthorizationMiddleware.Invoke(HttpContext context)
   at Microsoft.AspNetCore.Diagnostics.DeveloperExceptionPageMiddleware.Invoke(HttpContext context)
2023-06-21T22:20:21.7174080+03:00  [INF] Received HTTP response headers after 600.422ms - 200 (f0742c1f)
2023-06-21T22:20:21.7189072+03:00  [INF] End processing HTTP request after 604.9631ms - 200 (7656b38e)
2023-06-21T22:20:21.7244205+03:00  [INF] Start processing HTTP request "GET" https://api.tranzy.dev/v1/opendata/trips (338f1c77)
2023-06-21T22:20:21.7256963+03:00  [INF] Sending HTTP request "GET" https://api.tranzy.dev/v1/opendata/trips (2e7ac211)
2023-06-21T22:20:22.1854592+03:00  [INF] Received HTTP response headers after 456.7173ms - 200 (f0742c1f)
2023-06-21T22:20:22.1869738+03:00  [INF] End processing HTTP request after 463.1272ms - 200 (7656b38e)
2023-06-21T22:20:22.1929883+03:00  [INF] Start processing HTTP request "GET" https://api.tranzy.dev/v1/opendata/shapes (338f1c77)
2023-06-21T22:20:22.1947860+03:00  [INF] Sending HTTP request "GET" https://api.tranzy.dev/v1/opendata/shapes (2e7ac211)
2023-06-21T22:20:22.9626899+03:00  [INF] Received HTTP response headers after 765.7538ms - 200 (f0742c1f)
2023-06-21T22:20:22.9645156+03:00  [INF] End processing HTTP request after 771.3886ms - 200 (7656b38e)
2023-06-21T22:20:23.3444020+03:00  [INF] Start processing HTTP request "GET" https://api.tranzy.dev/v1/opendata/stops (338f1c77)
2023-06-21T22:20:23.3459003+03:00  [INF] Sending HTTP request "GET" https://api.tranzy.dev/v1/opendata/stops (2e7ac211)
2023-06-21T22:20:23.8598900+03:00  [INF] Received HTTP response headers after 511.6299ms - 200 (f0742c1f)
2023-06-21T22:20:23.8615255+03:00  [INF] End processing HTTP request after 517.5355ms - 200 (7656b38e)
2023-06-21T22:20:23.8695363+03:00  [INF] Start processing HTTP request "GET" https://api.tranzy.dev/v1/opendata/stop_times (338f1c77)
2023-06-21T22:20:23.8710396+03:00  [INF] Sending HTTP request "GET" https://api.tranzy.dev/v1/opendata/stop_times (2e7ac211)
2023-06-21T22:20:25.0214090+03:00  [INF] Received HTTP response headers after 1148.4966ms - 200 (f0742c1f)
2023-06-21T22:20:25.0233734+03:00  [INF] End processing HTTP request after 1153.3806ms - 200 (7656b38e)
2023-06-21T22:20:28.8220240+03:00 0HMRIHI6REOB1:00000001 [INF] The Index action was called at 21.06.2023 22:20:28 (e9f8e46d)
2023-06-21T22:20:32.8343732+03:00 0HMRIHI6REOB2:00000001 [INF] The Index action was called at '21.06.2023 22:20:32'. routeName = Trolleybus No 22 - str. Alba-Iulia - bd. Dacia. Try to get Trip getTheTrip. (a4416861)
2023-06-21T22:20:32.8384395+03:00 0HMRIHI6REOB2:00000001 [INF] The Index action was called at '21.06.2023 22:20:32'. routeShortName = 22. Trip getTheTrip were retrieved successfully. (90591438)
2023-06-21T22:20:35.0371755+03:00  [INF] MemoryIntegrationService is working. Count: 1 (0646355e)
2023-06-21T22:20:35.0388765+03:00  [INF] Start processing HTTP request "GET" https://api.tranzy.dev/v1/opendata/vehicles (338f1c77)
2023-06-21T22:20:35.0419910+03:00  [INF] Sending HTTP request "GET" https://api.tranzy.dev/v1/opendata/vehicles (2e7ac211)
2023-06-21T22:20:35.1028052+03:00  [INF] Received HTTP response headers after 58.508ms - 200 (f0742c1f)
2023-06-21T22:20:35.1044347+03:00  [INF] End processing HTTP request after 65.5574ms - 200 (7656b38e)
2023-06-21T22:20:35.1107706+03:00  [INF] Call IsDuplicateVehicle. Count: 1 21.06.2023 22:20:35 (aaa5be68)
2023-06-21T22:20:35.1619321+03:00 0HMRIHI6REOB2:00000007 [INF] The Index action was called at '21.06.2023 22:20:35'. routeName = Trolleybus No 22 - str. Alba-Iulia - bd. Dacia. Try to get Trip getTheTrip. (577da5ee)
2023-06-21T22:20:35.1637169+03:00 0HMRIHI6REOB2:00000007 [INF] The Index action was called at '21.06.2023 22:20:35'. routeShortName = 22. Trip getTheTrip were retrieved successfully. (647362ff)
2023-06-21T22:20:39.6351657+03:00 0HMRIHI6REOB3:00000001 [INF] The Index action was called at '21.06.2023 22:20:39'. routeName = Trolleybus No 22 - str. Alba-Iulia - bd. Dacia. Try to get Trip getTheTrip. (8a270a1d)
2023-06-21T22:20:39.6381036+03:00 0HMRIHI6REOB3:00000001 [INF] The Index action was called at '21.06.2023 22:20:39'. routeShortName = 22. Trip getTheTrip were retrieved successfully. (1c2f5e90)
2023-06-21T22:20:45.0368092+03:00  [INF] MemoryIntegrationService is working. Count: 2 (c0c5aa62)
2023-06-21T22:20:45.0383270+03:00  [INF] Start processing HTTP request "GET" https://api.tranzy.dev/v1/opendata/vehicles (338f1c77)
2023-06-21T22:20:45.0406741+03:00  [INF] Sending HTTP request "GET" https://api.tranzy.dev/v1/opendata/vehicles (2e7ac211)
2023-06-21T22:20:45.1070659+03:00  [INF] Received HTTP response headers after 62.8593ms - 200 (f0742c1f)
2023-06-21T22:20:45.1086462+03:00  [INF] End processing HTTP request after 70.2415ms - 200 (7656b38e)
2023-06-21T22:20:45.1156084+03:00  [INF] Call IsDuplicateVehicle. Count: 2 21.06.2023 22:20:45 (559644fa)
2023-06-21T22:20:51.7154669+03:00 0HMRIHI6REOB4:00000001 [INF] The Index action was called at '21.06.2023 22:20:51'. routeName = Trolleybus No 22 - str. Alba-Iulia - bd. Dacia. Try to get Trip getTheTrip. (7037feb3)
2023-06-21T22:20:51.7173308+03:00 0HMRIHI6REOB4:00000001 [INF] The Index action was called at '21.06.2023 22:20:51'. routeShortName = 22. Trip getTheTrip were retrieved successfully. (9124e7d1)
2023-06-21T22:20:55.0460202+03:00  [INF] MemoryIntegrationService is working. Count: 3 (b3940fff)
2023-06-21T22:20:55.0479945+03:00  [INF] Start processing HTTP request "GET" https://api.tranzy.dev/v1/opendata/vehicles (338f1c77)
2023-06-21T22:20:55.0495726+03:00  [INF] Sending HTTP request "GET" https://api.tranzy.dev/v1/opendata/vehicles (2e7ac211)
2023-06-21T22:20:55.1221883+03:00  [INF] Received HTTP response headers after 70.0904ms - 200 (f0742c1f)
2023-06-21T22:20:55.1251584+03:00  [INF] End processing HTTP request after 76.1728ms - 200 (7656b38e)
2023-06-21T22:20:55.1318404+03:00  [INF] Call IsDuplicateVehicle. Count: 3 21.06.2023 22:20:55 (350d5333)
2023-06-21T22:21:05.0482234+03:00  [INF] MemoryIntegrationService is working. Count: 4 (4d26431d)
2023-06-21T22:21:05.0501371+03:00  [INF] Start processing HTTP request "GET" https://api.tranzy.dev/v1/opendata/vehicles (338f1c77)
2023-06-21T22:21:05.0517834+03:00  [INF] Sending HTTP request "GET" https://api.tranzy.dev/v1/opendata/vehicles (2e7ac211)
2023-06-21T22:21:05.1149030+03:00  [INF] Received HTTP response headers after 61.3526ms - 200 (f0742c1f)
2023-06-21T22:21:05.1165961+03:00  [INF] End processing HTTP request after 66.6905ms - 200 (7656b38e)
2023-06-21T22:21:05.1229911+03:00  [INF] Call IsDuplicateVehicle. Count: 4 21.06.2023 22:21:05 (27dd0ea5)
2023-06-21T22:21:15.0364827+03:00  [INF] MemoryIntegrationService is working. Count: 5 (3c0ba0e8)
2023-06-21T22:21:15.0379357+03:00  [INF] Start processing HTTP request "GET" https://api.tranzy.dev/v1/opendata/vehicles (338f1c77)
2023-06-21T22:21:15.0397398+03:00  [INF] Sending HTTP request "GET" https://api.tranzy.dev/v1/opendata/vehicles (2e7ac211)
2023-06-21T22:21:17.0755301+03:00  [INF] Received HTTP response headers after 2028.8728ms - 200 (f0742c1f)
2023-06-21T22:21:17.0784613+03:00  [INF] End processing HTTP request after 2039.0726ms - 200 (7656b38e)
2023-06-21T22:21:17.0946189+03:00  [INF] Call IsDuplicateVehicle. Count: 5 21.06.2023 22:21:17 (7585ec43)
2023-06-21T22:21:25.0456683+03:00  [INF] MemoryIntegrationService is working. Count: 6 (f5fb94c9)
2023-06-21T22:21:25.0471745+03:00  [INF] Start processing HTTP request "GET" https://api.tranzy.dev/v1/opendata/vehicles (338f1c77)
2023-06-21T22:21:25.0485399+03:00  [INF] Sending HTTP request "GET" https://api.tranzy.dev/v1/opendata/vehicles (2e7ac211)
2023-06-21T22:21:25.1087075+03:00  [INF] Received HTTP response headers after 57.2188ms - 200 (f0742c1f)
2023-06-21T22:21:25.1108863+03:00  [INF] End processing HTTP request after 63.0513ms - 200 (7656b38e)
2023-06-21T22:21:25.1169875+03:00  [INF] Call IsDuplicateVehicle. Count: 6 21.06.2023 22:21:25 (98c7aff8)
2023-06-21T22:21:32.1099214+03:00 0HMRIHI6REOB5:00000001 [INF] The Index action was called at '21.06.2023 22:21:32'. routeName = Trolleybus No 22 - str. Alba-Iulia - bd. Dacia. Try to get Trip getTheTrip. (26682a9d)
2023-06-21T22:21:32.1115625+03:00 0HMRIHI6REOB5:00000001 [INF] The Index action was called at '21.06.2023 22:21:32'. routeShortName = 22. Trip getTheTrip were retrieved successfully. (2b2a02ac)
2023-06-21T22:21:32.9370315+03:00 0HMRIHI6REOB5:00000007 [INF] The Index action was called at '21.06.2023 22:21:32'. routeName = Trolleybus No 22 - str. Alba-Iulia - bd. Dacia. Try to get Trip getTheTrip. (26682a9d)
2023-06-21T22:21:32.9387119+03:00 0HMRIHI6REOB5:00000007 [INF] The Index action was called at '21.06.2023 22:21:32'. routeShortName = 22. Trip getTheTrip were retrieved successfully. (2b2a02ac)
2023-06-21T22:21:35.0391178+03:00  [INF] MemoryIntegrationService is working. Count: 7 (687679bd)
2023-06-21T22:21:35.0413709+03:00  [INF] Start processing HTTP request "GET" https://api.tranzy.dev/v1/opendata/vehicles (338f1c77)
2023-06-21T22:21:35.0429755+03:00  [INF] Sending HTTP request "GET" https://api.tranzy.dev/v1/opendata/vehicles (2e7ac211)
2023-06-21T22:21:35.1047043+03:00  [INF] Received HTTP response headers after 57.9534ms - 200 (f0742c1f)
2023-06-21T22:21:35.1115573+03:00  [INF] End processing HTTP request after 65.5715ms - 200 (7656b38e)
2023-06-21T22:21:35.1192668+03:00  [INF] Call IsDuplicateVehicle. Count: 7 21.06.2023 22:21:35 (e79c8df2)
2023-06-21T22:21:35.5928598+03:00 0HMRIHI6REOB5:0000000D [INF] The Index action was called at '21.06.2023 22:21:35'. routeName = Trolleybus No 22 - str. Alba-Iulia - bd. Dacia. Try to get Trip getTheTrip. (57561422)
2023-06-21T22:21:35.5943288+03:00 0HMRIHI6REOB5:0000000D [INF] The Index action was called at '21.06.2023 22:21:35'. routeShortName = 22. Trip getTheTrip were retrieved successfully. (a73b3b64)
2023-06-21T22:21:37.4761928+03:00 0HMRIHI6REOB6:00000001 [INF] The Index action was called at '21.06.2023 22:21:37'. routeName = Trolleybus No 22 - str. Alba-Iulia - bd. Dacia. Try to get Trip getTheTrip. (2ec173ec)
2023-06-21T22:21:37.4779649+03:00 0HMRIHI6REOB6:00000001 [INF] The Index action was called at '21.06.2023 22:21:37'. routeShortName = 22. Trip getTheTrip were retrieved successfully. (3b05c054)
2023-06-21T22:21:39.0597011+03:00 0HMRIHI6REOB6:00000007 [INF] The Index action was called at '21.06.2023 22:21:39'. routeName = Trolleybus No 22 - str. Alba-Iulia - bd. Dacia. Try to get Trip getTheTrip. (a1699649)
2023-06-21T22:21:39.0614541+03:00 0HMRIHI6REOB6:00000007 [INF] The Index action was called at '21.06.2023 22:21:39'. routeShortName = 22. Trip getTheTrip were retrieved successfully. (640b5f23)
2023-06-21T22:21:40.6344409+03:00 0HMRIHI6REOB6:0000000D [INF] The Index action was called at '21.06.2023 22:21:40'. routeName = Trolleybus No 22 - str. Alba-Iulia - bd. Dacia. Try to get Trip getTheTrip. (946e1f69)
2023-06-21T22:21:40.6358626+03:00 0HMRIHI6REOB6:0000000D [INF] The Index action was called at '21.06.2023 22:21:40'. routeShortName = 22. Trip getTheTrip were retrieved successfully. (5512ba45)
2023-06-21T22:21:42.5576616+03:00 0HMRIHI6REOB7:00000001 [INF] The Index action was called at '21.06.2023 22:21:42'. routeName = Trolleybus No 22 - str. Alba-Iulia - bd. Dacia. Try to get Trip getTheTrip. (51956d8d)
2023-06-21T22:21:42.5607708+03:00 0HMRIHI6REOB7:00000001 [INF] The Index action was called at '21.06.2023 22:21:42'. routeShortName = 22. Trip getTheTrip were retrieved successfully. (46d215a1)
2023-06-21T22:21:43.9452470+03:00 0HMRIHI6REOB7:00000007 [INF] The Index action was called at '21.06.2023 22:21:43'. routeName = Trolleybus No 22 - str. Alba-Iulia - bd. Dacia. Try to get Trip getTheTrip. (fc080ea3)
2023-06-21T22:21:43.9469008+03:00 0HMRIHI6REOB7:00000007 [INF] The Index action was called at '21.06.2023 22:21:43'. routeShortName = 22. Trip getTheTrip were retrieved successfully. (347fb085)
2023-06-21T22:21:45.0421979+03:00  [INF] MemoryIntegrationService is working. Count: 8 (df88e804)
2023-06-21T22:21:45.0444424+03:00  [INF] Start processing HTTP request "GET" https://api.tranzy.dev/v1/opendata/vehicles (338f1c77)
2023-06-21T22:21:45.0466834+03:00  [INF] Sending HTTP request "GET" https://api.tranzy.dev/v1/opendata/vehicles (2e7ac211)
2023-06-21T22:21:45.1130011+03:00  [INF] Received HTTP response headers after 63.7146ms - 200 (f0742c1f)
2023-06-21T22:21:45.1146178+03:00  [INF] End processing HTTP request after 70.6785ms - 200 (7656b38e)
2023-06-21T22:21:45.1205678+03:00  [INF] Call IsDuplicateVehicle. Count: 8 21.06.2023 22:21:45 (3c41c438)
2023-06-21T22:21:45.5573865+03:00 0HMRIHI6REOB7:0000000D [INF] The Index action was called at '21.06.2023 22:21:45'. routeName = Trolleybus No 22 - str. Alba-Iulia - bd. Dacia. Try to get Trip getTheTrip. (3b5cd9c1)
2023-06-21T22:21:45.5595344+03:00 0HMRIHI6REOB7:0000000D [INF] The Index action was called at '21.06.2023 22:21:45'. routeShortName = 22. Trip getTheTrip were retrieved successfully. (d2899343)
2023-06-21T22:21:55.0446082+03:00  [INF] MemoryIntegrationService is working. Count: 9 (6e5e05b0)
2023-06-21T22:21:55.0465121+03:00  [INF] Start processing HTTP request "GET" https://api.tranzy.dev/v1/opendata/vehicles (338f1c77)
2023-06-21T22:21:55.0490827+03:00  [INF] Sending HTTP request "GET" https://api.tranzy.dev/v1/opendata/vehicles (2e7ac211)
2023-06-21T22:21:55.1101477+03:00  [INF] Received HTTP response headers after 58.0956ms - 200 (f0742c1f)
2023-06-21T22:21:55.1117086+03:00  [INF] End processing HTTP request after 65.5164ms - 200 (7656b38e)
2023-06-21T22:21:55.1184713+03:00  [INF] Call IsDuplicateVehicle. Count: 9 21.06.2023 22:21:55 (dc4666f8)
2023-06-21T22:22:05.0414532+03:00  [INF] MemoryIntegrationService is working. Count: 10 (52fdf69a)
2023-06-21T22:22:05.0449501+03:00  [INF] Start processing HTTP request "GET" https://api.tranzy.dev/v1/opendata/vehicles (338f1c77)
2023-06-21T22:22:05.0466710+03:00  [INF] Sending HTTP request "GET" https://api.tranzy.dev/v1/opendata/vehicles (2e7ac211)
2023-06-21T22:22:05.1124533+03:00  [INF] Received HTTP response headers after 63.7428ms - 200 (f0742c1f)
2023-06-21T22:22:05.1169757+03:00  [INF] End processing HTTP request after 71.0042ms - 200 (7656b38e)
2023-06-21T22:22:05.1262734+03:00  [INF] Call IsDuplicateVehicle. Count: 10 21.06.2023 22:22:05 (ed06dd89)
2023-06-21T22:22:15.0458262+03:00  [INF] MemoryIntegrationService is working. Count: 11 (461bdcd6)
2023-06-21T22:22:15.0474058+03:00  [INF] Start processing HTTP request "GET" https://api.tranzy.dev/v1/opendata/vehicles (338f1c77)
2023-06-21T22:22:15.0487189+03:00  [INF] Sending HTTP request "GET" https://api.tranzy.dev/v1/opendata/vehicles (2e7ac211)
2023-06-21T22:22:15.1099877+03:00  [INF] Received HTTP response headers after 58.4897ms - 200 (f0742c1f)
2023-06-21T22:22:15.1114607+03:00  [INF] End processing HTTP request after 64.1718ms - 200 (7656b38e)
2023-06-21T22:22:15.1176020+03:00  [INF] Call IsDuplicateVehicle. Count: 11 21.06.2023 22:22:15 (d9d7df30)
2023-06-21T22:22:25.0360619+03:00  [INF] MemoryIntegrationService is working. Count: 12 (3477398d)
2023-06-21T22:22:25.0378622+03:00  [INF] Start processing HTTP request "GET" https://api.tranzy.dev/v1/opendata/vehicles (338f1c77)
2023-06-21T22:22:25.0404414+03:00  [INF] Sending HTTP request "GET" https://api.tranzy.dev/v1/opendata/vehicles (2e7ac211)
2023-06-21T22:22:25.2885787+03:00  [INF] Received HTTP response headers after 246.6057ms - 200 (f0742c1f)
2023-06-21T22:22:25.2907952+03:00  [INF] End processing HTTP request after 252.4053ms - 200 (7656b38e)
2023-06-21T22:22:25.3884102+03:00  [INF] Call IsDuplicateVehicle. Count: 12 21.06.2023 22:22:25 (942413af)
2023-06-21T22:22:35.0493452+03:00  [INF] MemoryIntegrationService is working. Count: 13 (1b4a0733)
2023-06-21T22:22:35.0510227+03:00  [INF] Start processing HTTP request "GET" https://api.tranzy.dev/v1/opendata/vehicles (338f1c77)
2023-06-21T22:22:35.0522379+03:00  [INF] Sending HTTP request "GET" https://api.tranzy.dev/v1/opendata/vehicles (2e7ac211)
2023-06-21T22:22:35.1122612+03:00  [INF] Received HTTP response headers after 58.3216ms - 200 (f0742c1f)
2023-06-21T22:22:35.1136663+03:00  [INF] End processing HTTP request after 62.8778ms - 200 (7656b38e)
2023-06-21T22:22:35.1778450+03:00  [INF] Call IsDuplicateVehicle. Count: 13 21.06.2023 22:22:35 (7c20cc5d)
2023-06-21T22:22:45.0419987+03:00  [INF] MemoryIntegrationService is working. Count: 14 (080260a4)
2023-06-21T22:22:45.0452721+03:00  [INF] Start processing HTTP request "GET" https://api.tranzy.dev/v1/opendata/vehicles (338f1c77)
2023-06-21T22:22:45.0466761+03:00  [INF] Sending HTTP request "GET" https://api.tranzy.dev/v1/opendata/vehicles (2e7ac211)
2023-06-21T22:22:45.1072058+03:00  [INF] Received HTTP response headers after 58.3179ms - 200 (f0742c1f)
2023-06-21T22:22:45.1088036+03:00  [INF] End processing HTTP request after 65.2279ms - 200 (7656b38e)
2023-06-21T22:22:45.1614562+03:00  [INF] Call IsDuplicateVehicle. Count: 14 21.06.2023 22:22:45 (aaacc927)
2023-06-21T22:22:55.0431732+03:00  [INF] MemoryIntegrationService is working. Count: 15 (ff2c4ef8)
2023-06-21T22:22:55.0447169+03:00  [INF] Start processing HTTP request "GET" https://api.tranzy.dev/v1/opendata/vehicles (338f1c77)
2023-06-21T22:22:55.0461587+03:00  [INF] Sending HTTP request "GET" https://api.tranzy.dev/v1/opendata/vehicles (2e7ac211)
2023-06-21T22:22:55.1110079+03:00  [INF] Received HTTP response headers after 62.6273ms - 200 (f0742c1f)
2023-06-21T22:22:55.1125808+03:00  [INF] End processing HTTP request after 67.828ms - 200 (7656b38e)
2023-06-21T22:22:55.1625307+03:00  [INF] Call IsDuplicateVehicle. Count: 15 21.06.2023 22:22:55 (82b05eff)
2023-06-21T22:23:05.0432987+03:00  [INF] MemoryIntegrationService is working. Count: 16 (ed8dabbb)
2023-06-21T22:23:05.0449003+03:00  [INF] Start processing HTTP request "GET" https://api.tranzy.dev/v1/opendata/vehicles (338f1c77)
2023-06-21T22:23:05.0464583+03:00  [INF] Sending HTTP request "GET" https://api.tranzy.dev/v1/opendata/vehicles (2e7ac211)
2023-06-21T22:23:05.1067403+03:00  [INF] Received HTTP response headers after 57.6961ms - 200 (f0742c1f)
2023-06-21T22:23:05.1087955+03:00  [INF] End processing HTTP request after 63.4719ms - 200 (7656b38e)
2023-06-21T22:23:05.1151047+03:00  [INF] Call IsDuplicateVehicle. Count: 16 21.06.2023 22:23:05 (401e5399)
2023-06-21T22:23:15.0437917+03:00  [INF] MemoryIntegrationService is working. Count: 17 (fb79c78f)
2023-06-21T22:23:15.0452311+03:00  [INF] Start processing HTTP request "GET" https://api.tranzy.dev/v1/opendata/vehicles (338f1c77)
2023-06-21T22:23:15.0467475+03:00  [INF] Sending HTTP request "GET" https://api.tranzy.dev/v1/opendata/vehicles (2e7ac211)
2023-06-21T22:23:16.5454587+03:00  [INF] Received HTTP response headers after 1496.9356ms - 200 (f0742c1f)
2023-06-21T22:23:16.5470284+03:00  [INF] End processing HTTP request after 1501.6599ms - 200 (7656b38e)
2023-06-21T22:23:16.5526339+03:00  [INF] Call IsDuplicateVehicle. Count: 17 21.06.2023 22:23:16 (324df312)
2023-06-21T22:23:25.0505033+03:00  [INF] MemoryIntegrationService is working. Count: 18 (e9362308)
2023-06-21T22:23:25.0517294+03:00  [INF] Start processing HTTP request "GET" https://api.tranzy.dev/v1/opendata/vehicles (338f1c77)
2023-06-21T22:23:25.0527972+03:00  [INF] Sending HTTP request "GET" https://api.tranzy.dev/v1/opendata/vehicles (2e7ac211)
2023-06-21T22:23:25.1138896+03:00  [INF] Received HTTP response headers after 58.9014ms - 200 (f0742c1f)
2023-06-21T22:23:25.1160424+03:00  [INF] End processing HTTP request after 63.3953ms - 200 (7656b38e)
2023-06-21T22:23:25.1220528+03:00  [INF] Call IsDuplicateVehicle. Count: 18 21.06.2023 22:23:25 (9019c367)
2023-06-21T22:23:35.0434368+03:00  [INF] MemoryIntegrationService is working. Count: 19 (df1c0ed4)
2023-06-21T22:23:35.0457634+03:00  [INF] Start processing HTTP request "GET" https://api.tranzy.dev/v1/opendata/vehicles (338f1c77)
2023-06-21T22:23:35.0471252+03:00  [INF] Sending HTTP request "GET" https://api.tranzy.dev/v1/opendata/vehicles (2e7ac211)
2023-06-21T22:23:35.1137226+03:00  [INF] Received HTTP response headers after 64.7675ms - 200 (f0742c1f)
2023-06-21T22:23:35.1158853+03:00  [INF] End processing HTTP request after 70.184ms - 200 (7656b38e)
2023-06-21T22:23:35.1217964+03:00  [INF] Call IsDuplicateVehicle. Count: 19 21.06.2023 22:23:35 (f3ada3f5)
